<?xml version="1.0" encoding="UTF-8"?>
<!-- Generated by org.testng.reporters.JUnitReportReporter -->
<testsuite hostname="DESKTOP-9VERA0T" failures="0" tests="1" name="testCases.TC_001Jenkin" time="3.752" errors="0" timestamp="2022-11-12T12:50:54 IST" skipped="0">
  <testcase classname="testCases.TC_001Jenkin" name="testcase" time="3.752"/>
  <system-out/>
</testsuite> <!-- testCases.TC_001Jenkin -->
